<?xml version="1.0" encoding="UTF-8"?>
<!-- Generated by org.testng.reporters.JUnitReportReporter -->
<testsuite skipped="0" hostname="macComputer.local" name="test.DemoTestIOS" tests="1" failures="0" timestamp="31 Aug 2020 02:22:29 GMT" time="18.758" errors="0">
  <testcase name="testCase01" time="18.758" classname="test.DemoTestIOS"/>
</testsuite> <!-- test.DemoTestIOS -->
