<?xml version="1.0" encoding="UTF-8"?>
<!-- Generated by org.testng.reporters.JUnitReportReporter -->
<testsuite skipped="0" hostname="macComputer.local" name="test.LocaliOSTest" tests="1" failures="0" timestamp="28 Aug 2020 06:42:43 GMT" time="71.433" errors="0">
  <testcase name="quickStartiOSNativeDemo" time="71.433" classname="test.LocaliOSTest"/>
</testsuite> <!-- test.LocaliOSTest -->
